Zookeeper arrives to zoo on day 1
The ZooFoodServer arrives to zoo on day 1
The Zoo Anouncer arrives at the zoo on day 1
It is 8:00 AM
It is 9:00 AM
The zookeeper is about to wake the animals!
Zookeeper wakes up Harry the Hippo
Harry the Hippo has woken up in a startle!
Zookeeper wakes up Hector the Hippo
Hector the Hippo has woken up in a startle!
Zookeeper wakes up Eugene the Elephant
Eugene the Elephant has woken up peacefully!
Zookeeper wakes up Eric the Elephant
Eric the Elephant has woken up in a startle!
Zookeeper wakes up Rory the Rhino
Rory the Rhino has woken up peacefully!
Zookeeper wakes up Randy the Rhino
Randy the Rhino has woken up peacefully!
Zookeeper wakes up Titus the Tiger
Titus the Tiger has woken up peacefully!
Zookeeper wakes up Terry the Tiger
Terry the Tiger has woken up in a startle!
Zookeeper wakes up Larry the Lion
Larry the Lion has woken up in a startle!
Zookeeper wakes up Lenny the Lion
Lenny the Lion has woken up peacefully!
Zookeeper wakes up Candy the Cat
Candy the Cat has woken up peacefully!
Zookeeper wakes up Carol the Cat
Carol the Cat has woken up peacefully!
Zookeeper wakes up Donovan the Dog
Donovan the Dog has woken up peacefully!
Zookeeper wakes up Dax the Dog
Dax the Dog has woken up peacefully!
Zookeeper wakes up Wyatt the Wolf
Wyatt the Wolf has woken up peacefully!
Zookeeper wakes up Willy the Wolf
Willy the Wolf has woken up peacefully!
Zookeeper wakes up Billy the Bison
Billy the Bison has woken up in a startle!
Zookeeper wakes up Brandon the Bison
Brandon the Bison has woken up in a startle!
Zookeeper wakes up Gary the Goat
Gary the Goat has woken up in a startle!
Zookeeper wakes up Grayson the Goat
Grayson the Goat has woken up in a startle!
It is 10:00 AM
The zookeeper is about to exercise the animals!
Zookeeper exercises Harry the Hippo
Harry the Hippo roams
Zookeeper exercises Hector the Hippo
Hector the Hippo roams
Zookeeper exercises Eugene the Elephant
Eugene the Elephant roams
Zookeeper exercises Eric the Elephant
Eric the Elephant roams
Zookeeper exercises Rory the Rhino
Rory the Rhino roams
Zookeeper exercises Randy the Rhino
Randy the Rhino roams
Zookeeper exercises Titus the Tiger
Titus the Tiger roams
Zookeeper exercises Terry the Tiger
Terry the Tiger roams
Zookeeper exercises Larry the Lion
Larry the Lion roams
Zookeeper exercises Lenny the Lion
Lenny the Lion roams
Zookeeper exercises Candy the Cat
Candy the Cat roams
Zookeeper exercises Carol the Cat
Carol the Cat roams
Zookeeper exercises Donovan the Dog
Donovan the Dog roams
Zookeeper exercises Dax the Dog
Dax the Dog roams
Zookeeper exercises Wyatt the Wolf
Wyatt the Wolf roams
Zookeeper exercises Willy the Wolf
Willy the Wolf roams
Zookeeper exercises Billy the Bison
Billy the Bison roams
Zookeeper exercises Brandon the Bison
Brandon the Bison roams
Zookeeper exercises Gary the Goat
Gary the Goat roams
Zookeeper exercises Grayson the Goat
Grayson the Goat roams
It is 11:00 AM
The ZooFoodServer is making food
It is 12:00 PM
The zooFoodServer is about to serve food!
The ZooFoodServer is serving food
It is 1:00 PM
The zookeeper is about to feed the animals!
Zookeeper feeds Harry the Hippo
Harry the Hippo eats
Zookeeper feeds Hector the Hippo
Hector the Hippo eats
Zookeeper feeds Eugene the Elephant
Eugene the Elephant eats
Zookeeper feeds Eric the Elephant
Eric the Elephant eats
Zookeeper feeds Rory the Rhino
Rory the Rhino eats
Zookeeper feeds Randy the Rhino
Randy the Rhino eats
Zookeeper feeds Titus the Tiger
Titus the Tiger eats
Zookeeper feeds Terry the Tiger
Terry the Tiger eats
Zookeeper feeds Larry the Lion
Larry the Lion eats
Zookeeper feeds Lenny the Lion
Lenny the Lion eats
Zookeeper feeds Candy the Cat
Candy the Cat eats
Zookeeper feeds Carol the Cat
Carol the Cat eats
Zookeeper feeds Donovan the Dog
Donovan the Dog eats
Zookeeper feeds Dax the Dog
Dax the Dog eats
Zookeeper feeds Wyatt the Wolf
Wyatt the Wolf eats
Zookeeper feeds Willy the Wolf
Willy the Wolf eats
Zookeeper feeds Billy the Bison
Billy the Bison grazes on grass
Zookeeper feeds Brandon the Bison
Brandon the Bison grazes on grass
Zookeeper feeds Gary the Goat
Gary the Goat tries to eat your shoe
Zookeeper feeds Grayson the Goat
Grayson the Goat tries to eat your shoe
It is 2:00 PM
The ZooFoodServer is cleaning
It is 3:00 PM
It is 4:00 PM
The ZooFoodServer is making food
It is 5:00 PM
The zooFoodServer is about to serve food!
The ZooFoodServer is serving food
It is 6:00 PM
The zookeeper is about to call the animals!
Harry the Hippo is counted for roll call
Harry the Hippo makes noise
Hector the Hippo is counted for roll call
Hector the Hippo makes noise
Eugene the Elephant is counted for roll call
Eugene the Elephant makes noise
Eric the Elephant is counted for roll call
Eric the Elephant makes noise
Rory the Rhino is counted for roll call
Rory the Rhino makes noise
Randy the Rhino is counted for roll call
Randy the Rhino makes noise
Titus the Tiger is counted for roll call
Titus the Tiger makes noise
Terry the Tiger is counted for roll call
Terry the Tiger makes noise
Larry the Lion is counted for roll call
Larry the Lion makes noise
Lenny the Lion is counted for roll call
Lenny the Lion makes noise
Candy the Cat is counted for roll call
Candy the Cat makes noise
Carol the Cat is counted for roll call
Carol the Cat makes noise
Donovan the Dog is counted for roll call
Donovan the Dog makes noise
Dax the Dog is counted for roll call
Dax the Dog makes noise
Wyatt the Wolf is counted for roll call
Wyatt the Wolf makes noise
Willy the Wolf is counted for roll call
Willy the Wolf makes noise
Billy the Bison is counted for roll call
Billy the Bison makes noise
Brandon the Bison is counted for roll call
Brandon the Bison makes noise
Gary the Goat is counted for roll call
Gary the Goat makes noise
Grayson the Goat is counted for roll call
Grayson the Goat makes noise
It is 7:00 PM
The ZooFoodServer is cleaning
It is 8:00 PM
The zookeeper is about to sleep the animals!
Zookeeper tells Harry the Hippo to go to bed
Harry the Hippo goes to sleep
Zookeeper tells Hector the Hippo to go to bed
Hector the Hippo goes to sleep
Zookeeper tells Eugene the Elephant to go to bed
Eugene the Elephant goes to sleep
Zookeeper tells Eric the Elephant to go to bed
Eric the Elephant goes to sleep
Zookeeper tells Rory the Rhino to go to bed
Rory the Rhino goes to sleep
Zookeeper tells Randy the Rhino to go to bed
Randy the Rhino goes to sleep
Zookeeper tells Titus the Tiger to go to bed
Titus the Tiger goes to sleep
Zookeeper tells Terry the Tiger to go to bed
Terry the Tiger makes noise
Zookeeper tells Larry the Lion to go to bed
Larry the Lion roams
Zookeeper tells Lenny the Lion to go to bed
Lenny the Lion roams
Zookeeper tells Candy the Cat to go to bed
Candy the Cat roams
Zookeeper tells Carol the Cat to go to bed
Carol the Cat roams
Zookeeper tells Donovan the Dog to go to bed
Donovan the Dog goes to sleep
Zookeeper tells Dax the Dog to go to bed
Dax the Dog goes to sleep
Zookeeper tells Wyatt the Wolf to go to bed
Wyatt the Wolf goes to sleep
Zookeeper tells Willy the Wolf to go to bed
Willy the Wolf goes to sleep
Zookeeper tells Billy the Bison to go to bed
Billy the Bison goes to sleep
Zookeeper tells Brandon the Bison to go to bed
Brandon the Bison goes to sleep
Zookeeper tells Gary the Goat to go to bed
Gary the Goat goes to sleep
Zookeeper tells Grayson the Goat to go to bed
Grayson the Goat goes to sleep
Zookeeper leaves zoo on day 1
ZooFoodServer leaves zoo on day 1
Zoo Announcer leaves zoo on day 1

Zookeeper arrives to zoo on day 2
The ZooFoodServer arrives to zoo on day 2
The Zoo Anouncer arrives at the zoo on day 2
It is 8:00 AM
It is 9:00 AM
The zookeeper is about to wake the animals!
Zookeeper wakes up Harry the Hippo
Harry the Hippo has woken up in a startle!
Zookeeper wakes up Hector the Hippo
Hector the Hippo has woken up in a startle!
Zookeeper wakes up Eugene the Elephant
Eugene the Elephant has woken up peacefully!
Zookeeper wakes up Eric the Elephant
Eric the Elephant has woken up in a startle!
Zookeeper wakes up Rory the Rhino
Rory the Rhino has woken up peacefully!
Zookeeper wakes up Randy the Rhino
Randy the Rhino has woken up peacefully!
Zookeeper wakes up Titus the Tiger
Titus the Tiger has woken up peacefully!
Zookeeper wakes up Terry the Tiger
Terry the Tiger has woken up in a startle!
Zookeeper wakes up Larry the Lion
Larry the Lion has woken up in a startle!
Zookeeper wakes up Lenny the Lion
Lenny the Lion has woken up peacefully!
Zookeeper wakes up Candy the Cat
Candy the Cat has woken up peacefully!
Zookeeper wakes up Carol the Cat
Carol the Cat has woken up peacefully!
Zookeeper wakes up Donovan the Dog
Donovan the Dog has woken up peacefully!
Zookeeper wakes up Dax the Dog
Dax the Dog has woken up peacefully!
Zookeeper wakes up Wyatt the Wolf
Wyatt the Wolf has woken up peacefully!
Zookeeper wakes up Willy the Wolf
Willy the Wolf has woken up peacefully!
Zookeeper wakes up Billy the Bison
Billy the Bison has woken up in a startle!
Zookeeper wakes up Brandon the Bison
Brandon the Bison has woken up in a startle!
Zookeeper wakes up Gary the Goat
Gary the Goat has woken up in a startle!
Zookeeper wakes up Grayson the Goat
Grayson the Goat has woken up in a startle!
It is 10:00 AM
The zookeeper is about to exercise the animals!
Zookeeper exercises Harry the Hippo
Harry the Hippo roams
Zookeeper exercises Hector the Hippo
Hector the Hippo roams
Zookeeper exercises Eugene the Elephant
Eugene the Elephant roams
Zookeeper exercises Eric the Elephant
Eric the Elephant roams
Zookeeper exercises Rory the Rhino
Rory the Rhino charges
Zookeeper exercises Randy the Rhino
Randy the Rhino roams
Zookeeper exercises Titus the Tiger
Titus the Tiger roams
Zookeeper exercises Terry the Tiger
Terry the Tiger roams
Zookeeper exercises Larry the Lion
Larry the Lion roams
Zookeeper exercises Lenny the Lion
Lenny the Lion roams
Zookeeper exercises Candy the Cat
Candy the Cat roams
Zookeeper exercises Carol the Cat
Carol the Cat roams
Zookeeper exercises Donovan the Dog
Donovan the Dog roams
Zookeeper exercises Dax the Dog
Dax the Dog roams
Zookeeper exercises Wyatt the Wolf
Wyatt the Wolf roams
Zookeeper exercises Willy the Wolf
Willy the Wolf roams
Zookeeper exercises Billy the Bison
Billy the Bison roams
Zookeeper exercises Brandon the Bison
Brandon the Bison roams
Zookeeper exercises Gary the Goat
Gary the Goat roams
Zookeeper exercises Grayson the Goat
Grayson the Goat roams
It is 11:00 AM
The ZooFoodServer is making food
It is 12:00 PM
The zooFoodServer is about to serve food!
The ZooFoodServer is serving food
It is 1:00 PM
The zookeeper is about to feed the animals!
Zookeeper feeds Harry the Hippo
Harry the Hippo eats
Zookeeper feeds Hector the Hippo
Hector the Hippo eats
Zookeeper feeds Eugene the Elephant
Eugene the Elephant eats
Zookeeper feeds Eric the Elephant
Eric the Elephant eats
Zookeeper feeds Rory the Rhino
Rory the Rhino eats
Zookeeper feeds Randy the Rhino
Randy the Rhino eats
Zookeeper feeds Titus the Tiger
Titus the Tiger eats
Zookeeper feeds Terry the Tiger
Terry the Tiger eats
Zookeeper feeds Larry the Lion
Larry the Lion eats
Zookeeper feeds Lenny the Lion
Lenny the Lion eats
Zookeeper feeds Candy the Cat
Candy the Cat eats
Zookeeper feeds Carol the Cat
Carol the Cat eats
Zookeeper feeds Donovan the Dog
Donovan the Dog eats
Zookeeper feeds Dax the Dog
Dax the Dog eats
Zookeeper feeds Wyatt the Wolf
Wyatt the Wolf eats
Zookeeper feeds Willy the Wolf
Willy the Wolf eats
Zookeeper feeds Billy the Bison
Billy the Bison grazes on grass
Zookeeper feeds Brandon the Bison
Brandon the Bison grazes on grass
Zookeeper feeds Gary the Goat
Gary the Goat tries to eat your shoe
Zookeeper feeds Grayson the Goat
Grayson the Goat tries to eat your shoe
It is 2:00 PM
The ZooFoodServer is cleaning
It is 3:00 PM
It is 4:00 PM
The ZooFoodServer is making food
It is 5:00 PM
The zooFoodServer is about to serve food!
The ZooFoodServer is serving food
It is 6:00 PM
The zookeeper is about to call the animals!
Harry the Hippo is counted for roll call
Harry the Hippo makes noise
Hector the Hippo is counted for roll call
Hector the Hippo makes noise
Eugene the Elephant is counted for roll call
Eugene the Elephant makes noise
Eric the Elephant is counted for roll call
Eric the Elephant makes noise
Rory the Rhino is counted for roll call
Rory the Rhino makes noise
Randy the Rhino is counted for roll call
Randy the Rhino makes noise
Titus the Tiger is counted for roll call
Titus the Tiger makes noise
Terry the Tiger is counted for roll call
Terry the Tiger makes noise
Larry the Lion is counted for roll call
Larry the Lion makes noise
Lenny the Lion is counted for roll call
Lenny the Lion makes noise
Candy the Cat is counted for roll call
Candy the Cat makes noise
Carol the Cat is counted for roll call
Carol the Cat makes noise
Donovan the Dog is counted for roll call
Donovan the Dog makes noise
Dax the Dog is counted for roll call
Dax the Dog makes noise
Wyatt the Wolf is counted for roll call
Wyatt the Wolf makes noise
Willy the Wolf is counted for roll call
Willy the Wolf makes noise
Billy the Bison is counted for roll call
Billy the Bison makes noise
Brandon the Bison is counted for roll call
Brandon the Bison makes noise
Gary the Goat is counted for roll call
Gary the Goat makes noise
Grayson the Goat is counted for roll call
Grayson the Goat makes noise
It is 7:00 PM
The ZooFoodServer is cleaning
It is 8:00 PM
The zookeeper is about to sleep the animals!
Zookeeper tells Harry the Hippo to go to bed
Harry the Hippo goes to sleep
Zookeeper tells Hector the Hippo to go to bed
Hector the Hippo goes to sleep
Zookeeper tells Eugene the Elephant to go to bed
Eugene the Elephant goes to sleep
Zookeeper tells Eric the Elephant to go to bed
Eric the Elephant goes to sleep
Zookeeper tells Rory the Rhino to go to bed
Rory the Rhino goes to sleep
Zookeeper tells Randy the Rhino to go to bed
Randy the Rhino goes to sleep
Zookeeper tells Titus the Tiger to go to bed
Titus the Tiger goes to sleep
Zookeeper tells Terry the Tiger to go to bed
Terry the Tiger goes to sleep
Zookeeper tells Larry the Lion to go to bed
Larry the Lion makes noise
Zookeeper tells Lenny the Lion to go to bed
Lenny the Lion goes to sleep
Zookeeper tells Candy the Cat to go to bed
Candy the Cat goes to sleep
Zookeeper tells Carol the Cat to go to bed
Carol the Cat goes to sleep
Zookeeper tells Donovan the Dog to go to bed
Donovan the Dog goes to sleep
Zookeeper tells Dax the Dog to go to bed
Dax the Dog goes to sleep
Zookeeper tells Wyatt the Wolf to go to bed
Wyatt the Wolf goes to sleep
Zookeeper tells Willy the Wolf to go to bed
Willy the Wolf goes to sleep
Zookeeper tells Billy the Bison to go to bed
Billy the Bison goes to sleep
Zookeeper tells Brandon the Bison to go to bed
Brandon the Bison goes to sleep
Zookeeper tells Gary the Goat to go to bed
Gary the Goat goes to sleep
Zookeeper tells Grayson the Goat to go to bed
Grayson the Goat goes to sleep
Zookeeper leaves zoo on day 2
ZooFoodServer leaves zoo on day 2
Zoo Announcer leaves zoo on day 2

Zookeeper arrives to zoo on day 3
The ZooFoodServer arrives to zoo on day 3
The Zoo Anouncer arrives at the zoo on day 3
It is 8:00 AM
It is 9:00 AM
The zookeeper is about to wake the animals!
Zookeeper wakes up Harry the Hippo
Harry the Hippo has woken up in a startle!
Zookeeper wakes up Hector the Hippo
Hector the Hippo has woken up in a startle!
Zookeeper wakes up Eugene the Elephant
Eugene the Elephant has woken up peacefully!
Zookeeper wakes up Eric the Elephant
Eric the Elephant has woken up in a startle!
Zookeeper wakes up Rory the Rhino
Rory the Rhino has woken up peacefully!
Zookeeper wakes up Randy the Rhino
Randy the Rhino has woken up peacefully!
Zookeeper wakes up Titus the Tiger
Titus the Tiger has woken up peacefully!
Zookeeper wakes up Terry the Tiger
Terry the Tiger has woken up in a startle!
Zookeeper wakes up Larry the Lion
Larry the Lion has woken up in a startle!
Zookeeper wakes up Lenny the Lion
Lenny the Lion has woken up peacefully!
Zookeeper wakes up Candy the Cat
Candy the Cat has woken up peacefully!
Zookeeper wakes up Carol the Cat
Carol the Cat has woken up peacefully!
Zookeeper wakes up Donovan the Dog
Donovan the Dog has woken up peacefully!
Zookeeper wakes up Dax the Dog
Dax the Dog has woken up peacefully!
Zookeeper wakes up Wyatt the Wolf
Wyatt the Wolf has woken up peacefully!
Zookeeper wakes up Willy the Wolf
Willy the Wolf has woken up peacefully!
Zookeeper wakes up Billy the Bison
Billy the Bison has woken up in a startle!
Zookeeper wakes up Brandon the Bison
Brandon the Bison has woken up in a startle!
Zookeeper wakes up Gary the Goat
Gary the Goat has woken up in a startle!
Zookeeper wakes up Grayson the Goat
Grayson the Goat has woken up in a startle!
It is 10:00 AM
The zookeeper is about to exercise the animals!
Zookeeper exercises Harry the Hippo
Harry the Hippo charges
Zookeeper exercises Hector the Hippo
Hector the Hippo roams
Zookeeper exercises Eugene the Elephant
Eugene the Elephant roams
Zookeeper exercises Eric the Elephant
Eric the Elephant roams
Zookeeper exercises Rory the Rhino
Rory the Rhino roams
Zookeeper exercises Randy the Rhino
Randy the Rhino roams
Zookeeper exercises Titus the Tiger
Titus the Tiger roams
Zookeeper exercises Terry the Tiger
Terry the Tiger roams
Zookeeper exercises Larry the Lion
Larry the Lion roams
Zookeeper exercises Lenny the Lion
Lenny the Lion roams
Zookeeper exercises Candy the Cat
Candy the Cat roams
Zookeeper exercises Carol the Cat
Carol the Cat roams
Zookeeper exercises Donovan the Dog
Donovan the Dog roams
Zookeeper exercises Dax the Dog
Dax the Dog roams
Zookeeper exercises Wyatt the Wolf
Wyatt the Wolf roams
Zookeeper exercises Willy the Wolf
Willy the Wolf roams
Zookeeper exercises Billy the Bison
Billy the Bison roams
Zookeeper exercises Brandon the Bison
Brandon the Bison roams
Zookeeper exercises Gary the Goat
Gary the Goat roams
Zookeeper exercises Grayson the Goat
Grayson the Goat roams
It is 11:00 AM
The ZooFoodServer is making food
It is 12:00 PM
The zooFoodServer is about to serve food!
The ZooFoodServer is serving food
It is 1:00 PM
The zookeeper is about to feed the animals!
Zookeeper feeds Harry the Hippo
Harry the Hippo eats
Zookeeper feeds Hector the Hippo
Hector the Hippo eats
Zookeeper feeds Eugene the Elephant
Eugene the Elephant eats
Zookeeper feeds Eric the Elephant
Eric the Elephant eats
Zookeeper feeds Rory the Rhino
Rory the Rhino eats
Zookeeper feeds Randy the Rhino
Randy the Rhino eats
Zookeeper feeds Titus the Tiger
Titus the Tiger eats
Zookeeper feeds Terry the Tiger
Terry the Tiger eats
Zookeeper feeds Larry the Lion
Larry the Lion eats
Zookeeper feeds Lenny the Lion
Lenny the Lion eats
Zookeeper feeds Candy the Cat
Candy the Cat eats
Zookeeper feeds Carol the Cat
Carol the Cat eats
Zookeeper feeds Donovan the Dog
Donovan the Dog eats
Zookeeper feeds Dax the Dog
Dax the Dog eats
Zookeeper feeds Wyatt the Wolf
Wyatt the Wolf eats
Zookeeper feeds Willy the Wolf
Willy the Wolf eats
Zookeeper feeds Billy the Bison
Billy the Bison grazes on grass
Zookeeper feeds Brandon the Bison
Brandon the Bison grazes on grass
Zookeeper feeds Gary the Goat
Gary the Goat tries to eat your shoe
Zookeeper feeds Grayson the Goat
Grayson the Goat tries to eat your shoe
It is 2:00 PM
The ZooFoodServer is cleaning
It is 3:00 PM
It is 4:00 PM
The ZooFoodServer is making food
It is 5:00 PM
The zooFoodServer is about to serve food!
The ZooFoodServer is serving food
It is 6:00 PM
The zookeeper is about to call the animals!
Harry the Hippo is counted for roll call
Harry the Hippo makes noise
Hector the Hippo is counted for roll call
Hector the Hippo makes noise
Eugene the Elephant is counted for roll call
Eugene the Elephant makes noise
Eric the Elephant is counted for roll call
Eric the Elephant makes noise
Rory the Rhino is counted for roll call
Rory the Rhino makes noise
Randy the Rhino is counted for roll call
Randy the Rhino makes noise
Titus the Tiger is counted for roll call
Titus the Tiger makes noise
Terry the Tiger is counted for roll call
Terry the Tiger makes noise
Larry the Lion is counted for roll call
Larry the Lion makes noise
Lenny the Lion is counted for roll call
Lenny the Lion makes noise
Candy the Cat is counted for roll call
Candy the Cat makes noise
Carol the Cat is counted for roll call
Carol the Cat makes noise
Donovan the Dog is counted for roll call
Donovan the Dog makes noise
Dax the Dog is counted for roll call
Dax the Dog makes noise
Wyatt the Wolf is counted for roll call
Wyatt the Wolf makes noise
Willy the Wolf is counted for roll call
Willy the Wolf makes noise
Billy the Bison is counted for roll call
Billy the Bison makes noise
Brandon the Bison is counted for roll call
Brandon the Bison makes noise
Gary the Goat is counted for roll call
Gary the Goat makes noise
Grayson the Goat is counted for roll call
Grayson the Goat makes noise
It is 7:00 PM
The ZooFoodServer is cleaning
It is 8:00 PM
The zookeeper is about to sleep the animals!
Zookeeper tells Harry the Hippo to go to bed
Harry the Hippo goes to sleep
Zookeeper tells Hector the Hippo to go to bed
Hector the Hippo goes to sleep
Zookeeper tells Eugene the Elephant to go to bed
Eugene the Elephant goes to sleep
Zookeeper tells Eric the Elephant to go to bed
Eric the Elephant goes to sleep
Zookeeper tells Rory the Rhino to go to bed
Rory the Rhino goes to sleep
Zookeeper tells Randy the Rhino to go to bed
Randy the Rhino goes to sleep
Zookeeper tells Titus the Tiger to go to bed
Titus the Tiger roams
Zookeeper tells Terry the Tiger to go to bed
Terry the Tiger goes to sleep
Zookeeper tells Larry the Lion to go to bed
Larry the Lion roams
Zookeeper tells Lenny the Lion to go to bed
Lenny the Lion goes to sleep
Zookeeper tells Candy the Cat to go to bed
Candy the Cat roams
Zookeeper tells Carol the Cat to go to bed
Carol the Cat makes noise
Zookeeper tells Donovan the Dog to go to bed
Donovan the Dog goes to sleep
Zookeeper tells Dax the Dog to go to bed
Dax the Dog goes to sleep
Zookeeper tells Wyatt the Wolf to go to bed
Wyatt the Wolf goes to sleep
Zookeeper tells Willy the Wolf to go to bed
Willy the Wolf goes to sleep
Zookeeper tells Billy the Bison to go to bed
Billy the Bison goes to sleep
Zookeeper tells Brandon the Bison to go to bed
Brandon the Bison goes to sleep
Zookeeper tells Gary the Goat to go to bed
Gary the Goat goes to sleep
Zookeeper tells Grayson the Goat to go to bed
Grayson the Goat goes to sleep
Zookeeper leaves zoo on day 3
ZooFoodServer leaves zoo on day 3
Zoo Announcer leaves zoo on day 3

Zookeeper arrives to zoo on day 4
The ZooFoodServer arrives to zoo on day 4
The Zoo Anouncer arrives at the zoo on day 4
It is 8:00 AM
It is 9:00 AM
The zookeeper is about to wake the animals!
Zookeeper wakes up Harry the Hippo
Harry the Hippo has woken up in a startle!
Zookeeper wakes up Hector the Hippo
Hector the Hippo has woken up in a startle!
Zookeeper wakes up Eugene the Elephant
Eugene the Elephant has woken up peacefully!
Zookeeper wakes up Eric the Elephant
Eric the Elephant has woken up in a startle!
Zookeeper wakes up Rory the Rhino
Rory the Rhino has woken up peacefully!
Zookeeper wakes up Randy the Rhino
Randy the Rhino has woken up peacefully!
Zookeeper wakes up Titus the Tiger
Titus the Tiger has woken up peacefully!
Zookeeper wakes up Terry the Tiger
Terry the Tiger has woken up in a startle!
Zookeeper wakes up Larry the Lion
Larry the Lion has woken up in a startle!
Zookeeper wakes up Lenny the Lion
Lenny the Lion has woken up peacefully!
Zookeeper wakes up Candy the Cat
Candy the Cat has woken up peacefully!
Zookeeper wakes up Carol the Cat
Carol the Cat has woken up peacefully!
Zookeeper wakes up Donovan the Dog
Donovan the Dog has woken up peacefully!
Zookeeper wakes up Dax the Dog
Dax the Dog has woken up peacefully!
Zookeeper wakes up Wyatt the Wolf
Wyatt the Wolf has woken up peacefully!
Zookeeper wakes up Willy the Wolf
Willy the Wolf has woken up peacefully!
Zookeeper wakes up Billy the Bison
Billy the Bison has woken up in a startle!
Zookeeper wakes up Brandon the Bison
Brandon the Bison has woken up in a startle!
Zookeeper wakes up Gary the Goat
Gary the Goat has woken up in a startle!
Zookeeper wakes up Grayson the Goat
Grayson the Goat has woken up in a startle!
It is 10:00 AM
The zookeeper is about to exercise the animals!
Zookeeper exercises Harry the Hippo
Harry the Hippo roams
Zookeeper exercises Hector the Hippo
Hector the Hippo charges
Zookeeper exercises Eugene the Elephant
Eugene the Elephant roams
Zookeeper exercises Eric the Elephant
Eric the Elephant charges
Zookeeper exercises Rory the Rhino
Rory the Rhino roams
Zookeeper exercises Randy the Rhino
Randy the Rhino charges
Zookeeper exercises Titus the Tiger
Titus the Tiger roams
Zookeeper exercises Terry the Tiger
Terry the Tiger roams
Zookeeper exercises Larry the Lion
Larry the Lion roams
Zookeeper exercises Lenny the Lion
Lenny the Lion roams
Zookeeper exercises Candy the Cat
Candy the Cat roams
Zookeeper exercises Carol the Cat
Carol the Cat roams
Zookeeper exercises Donovan the Dog
Donovan the Dog roams
Zookeeper exercises Dax the Dog
Dax the Dog digs
Zookeeper exercises Wyatt the Wolf
Wyatt the Wolf roams
Zookeeper exercises Willy the Wolf
Willy the Wolf roams
Zookeeper exercises Billy the Bison
Billy the Bison roams
Zookeeper exercises Brandon the Bison
Brandon the Bison roams
Zookeeper exercises Gary the Goat
Gary the Goat roams
Zookeeper exercises Grayson the Goat
Grayson the Goat roams
It is 11:00 AM
The ZooFoodServer is making food
It is 12:00 PM
The zooFoodServer is about to serve food!
The ZooFoodServer is serving food
It is 1:00 PM
The zookeeper is about to feed the animals!
Zookeeper feeds Harry the Hippo
Harry the Hippo eats
Zookeeper feeds Hector the Hippo
Hector the Hippo eats
Zookeeper feeds Eugene the Elephant
Eugene the Elephant eats
Zookeeper feeds Eric the Elephant
Eric the Elephant eats
Zookeeper feeds Rory the Rhino
Rory the Rhino eats
Zookeeper feeds Randy the Rhino
Randy the Rhino eats
Zookeeper feeds Titus the Tiger
Titus the Tiger eats
Zookeeper feeds Terry the Tiger
Terry the Tiger eats
Zookeeper feeds Larry the Lion
Larry the Lion eats
Zookeeper feeds Lenny the Lion
Lenny the Lion eats
Zookeeper feeds Candy the Cat
Candy the Cat eats
Zookeeper feeds Carol the Cat
Carol the Cat eats
Zookeeper feeds Donovan the Dog
Donovan the Dog eats
Zookeeper feeds Dax the Dog
Dax the Dog eats
Zookeeper feeds Wyatt the Wolf
Wyatt the Wolf eats
Zookeeper feeds Willy the Wolf
Willy the Wolf eats
Zookeeper feeds Billy the Bison
Billy the Bison grazes on grass
Zookeeper feeds Brandon the Bison
Brandon the Bison grazes on grass
Zookeeper feeds Gary the Goat
Gary the Goat tries to eat your shoe
Zookeeper feeds Grayson the Goat
Grayson the Goat tries to eat your shoe
It is 2:00 PM
The ZooFoodServer is cleaning
It is 3:00 PM
It is 4:00 PM
The ZooFoodServer is making food
It is 5:00 PM
The zooFoodServer is about to serve food!
The ZooFoodServer is serving food
It is 6:00 PM
The zookeeper is about to call the animals!
Harry the Hippo is counted for roll call
Harry the Hippo makes noise
Hector the Hippo is counted for roll call
Hector the Hippo makes noise
Eugene the Elephant is counted for roll call
Eugene the Elephant makes noise
Eric the Elephant is counted for roll call
Eric the Elephant makes noise
Rory the Rhino is counted for roll call
Rory the Rhino makes noise
Randy the Rhino is counted for roll call
Randy the Rhino makes noise
Titus the Tiger is counted for roll call
Titus the Tiger makes noise
Terry the Tiger is counted for roll call
Terry the Tiger makes noise
Larry the Lion is counted for roll call
Larry the Lion makes noise
Lenny the Lion is counted for roll call
Lenny the Lion makes noise
Candy the Cat is counted for roll call
Candy the Cat makes noise
Carol the Cat is counted for roll call
Carol the Cat makes noise
Donovan the Dog is counted for roll call
Donovan the Dog makes noise
Dax the Dog is counted for roll call
Dax the Dog makes noise
Wyatt the Wolf is counted for roll call
Wyatt the Wolf makes noise
Willy the Wolf is counted for roll call
Willy the Wolf makes noise
Billy the Bison is counted for roll call
Billy the Bison makes noise
Brandon the Bison is counted for roll call
Brandon the Bison makes noise
Gary the Goat is counted for roll call
Gary the Goat makes noise
Grayson the Goat is counted for roll call
Grayson the Goat makes noise
It is 7:00 PM
The ZooFoodServer is cleaning
It is 8:00 PM
The zookeeper is about to sleep the animals!
Zookeeper tells Harry the Hippo to go to bed
Harry the Hippo goes to sleep
Zookeeper tells Hector the Hippo to go to bed
Hector the Hippo goes to sleep
Zookeeper tells Eugene the Elephant to go to bed
Eugene the Elephant goes to sleep
Zookeeper tells Eric the Elephant to go to bed
Eric the Elephant goes to sleep
Zookeeper tells Rory the Rhino to go to bed
Rory the Rhino goes to sleep
Zookeeper tells Randy the Rhino to go to bed
Randy the Rhino goes to sleep
Zookeeper tells Titus the Tiger to go to bed
Titus the Tiger roams
Zookeeper tells Terry the Tiger to go to bed
Terry the Tiger makes noise
Zookeeper tells Larry the Lion to go to bed
Larry the Lion roams
Zookeeper tells Lenny the Lion to go to bed
Lenny the Lion goes to sleep
Zookeeper tells Candy the Cat to go to bed
Candy the Cat roams
Zookeeper tells Carol the Cat to go to bed
Carol the Cat makes noise
Zookeeper tells Donovan the Dog to go to bed
Donovan the Dog goes to sleep
Zookeeper tells Dax the Dog to go to bed
Dax the Dog goes to sleep
Zookeeper tells Wyatt the Wolf to go to bed
Wyatt the Wolf goes to sleep
Zookeeper tells Willy the Wolf to go to bed
Willy the Wolf goes to sleep
Zookeeper tells Billy the Bison to go to bed
Billy the Bison goes to sleep
Zookeeper tells Brandon the Bison to go to bed
Brandon the Bison goes to sleep
Zookeeper tells Gary the Goat to go to bed
Gary the Goat goes to sleep
Zookeeper tells Grayson the Goat to go to bed
Grayson the Goat goes to sleep
Zookeeper leaves zoo on day 4
ZooFoodServer leaves zoo on day 4
Zoo Announcer leaves zoo on day 4

Zookeeper arrives to zoo on day 5
The ZooFoodServer arrives to zoo on day 5
The Zoo Anouncer arrives at the zoo on day 5
It is 8:00 AM
It is 9:00 AM
The zookeeper is about to wake the animals!
Zookeeper wakes up Harry the Hippo
Harry the Hippo has woken up in a startle!
Zookeeper wakes up Hector the Hippo
Hector the Hippo has woken up in a startle!
Zookeeper wakes up Eugene the Elephant
Eugene the Elephant has woken up peacefully!
Zookeeper wakes up Eric the Elephant
Eric the Elephant has woken up in a startle!
Zookeeper wakes up Rory the Rhino
Rory the Rhino has woken up peacefully!
Zookeeper wakes up Randy the Rhino
Randy the Rhino has woken up peacefully!
Zookeeper wakes up Titus the Tiger
Titus the Tiger has woken up peacefully!
Zookeeper wakes up Terry the Tiger
Terry the Tiger has woken up in a startle!
Zookeeper wakes up Larry the Lion
Larry the Lion has woken up in a startle!
Zookeeper wakes up Lenny the Lion
Lenny the Lion has woken up peacefully!
Zookeeper wakes up Candy the Cat
Candy the Cat has woken up peacefully!
Zookeeper wakes up Carol the Cat
Carol the Cat has woken up peacefully!
Zookeeper wakes up Donovan the Dog
Donovan the Dog has woken up peacefully!
Zookeeper wakes up Dax the Dog
Dax the Dog has woken up peacefully!
Zookeeper wakes up Wyatt the Wolf
Wyatt the Wolf has woken up peacefully!
Zookeeper wakes up Willy the Wolf
Willy the Wolf has woken up peacefully!
Zookeeper wakes up Billy the Bison
Billy the Bison has woken up in a startle!
Zookeeper wakes up Brandon the Bison
Brandon the Bison has woken up in a startle!
Zookeeper wakes up Gary the Goat
Gary the Goat has woken up in a startle!
Zookeeper wakes up Grayson the Goat
Grayson the Goat has woken up in a startle!
It is 10:00 AM
The zookeeper is about to exercise the animals!
Zookeeper exercises Harry the Hippo
Harry the Hippo roams
Zookeeper exercises Hector the Hippo
Hector the Hippo roams
Zookeeper exercises Eugene the Elephant
Eugene the Elephant roams
Zookeeper exercises Eric the Elephant
Eric the Elephant roams
Zookeeper exercises Rory the Rhino
Rory the Rhino charges
Zookeeper exercises Randy the Rhino
Randy the Rhino roams
Zookeeper exercises Titus the Tiger
Titus the Tiger roams
Zookeeper exercises Terry the Tiger
Terry the Tiger roams
Zookeeper exercises Larry the Lion
Larry the Lion roams
Zookeeper exercises Lenny the Lion
Lenny the Lion roams
Zookeeper exercises Candy the Cat
Candy the Cat roams
Zookeeper exercises Carol the Cat
Carol the Cat roams
Zookeeper exercises Donovan the Dog
Donovan the Dog roams
Zookeeper exercises Dax the Dog
Dax the Dog roams
Zookeeper exercises Wyatt the Wolf
Wyatt the Wolf roams
Zookeeper exercises Willy the Wolf
Willy the Wolf roams
Zookeeper exercises Billy the Bison
Billy the Bison roams
Zookeeper exercises Brandon the Bison
Brandon the Bison roams
Zookeeper exercises Gary the Goat
Gary the Goat roams
Zookeeper exercises Grayson the Goat
Grayson the Goat roams
It is 11:00 AM
The ZooFoodServer is making food
It is 12:00 PM
The zooFoodServer is about to serve food!
The ZooFoodServer is serving food
It is 1:00 PM
The zookeeper is about to feed the animals!
Zookeeper feeds Harry the Hippo
Harry the Hippo eats
Zookeeper feeds Hector the Hippo
Hector the Hippo eats
Zookeeper feeds Eugene the Elephant
Eugene the Elephant eats
Zookeeper feeds Eric the Elephant
Eric the Elephant eats
Zookeeper feeds Rory the Rhino
Rory the Rhino eats
Zookeeper feeds Randy the Rhino
Randy the Rhino eats
Zookeeper feeds Titus the Tiger
Titus the Tiger eats
Zookeeper feeds Terry the Tiger
Terry the Tiger eats
Zookeeper feeds Larry the Lion
Larry the Lion eats
Zookeeper feeds Lenny the Lion
Lenny the Lion eats
Zookeeper feeds Candy the Cat
Candy the Cat eats
Zookeeper feeds Carol the Cat
Carol the Cat eats
Zookeeper feeds Donovan the Dog
Donovan the Dog eats
Zookeeper feeds Dax the Dog
Dax the Dog eats
Zookeeper feeds Wyatt the Wolf
Wyatt the Wolf eats
Zookeeper feeds Willy the Wolf
Willy the Wolf eats
Zookeeper feeds Billy the Bison
Billy the Bison grazes on grass
Zookeeper feeds Brandon the Bison
Brandon the Bison grazes on grass
Zookeeper feeds Gary the Goat
Gary the Goat tries to eat your shoe
Zookeeper feeds Grayson the Goat
Grayson the Goat tries to eat your shoe
It is 2:00 PM
The ZooFoodServer is cleaning
It is 3:00 PM
It is 4:00 PM
The ZooFoodServer is making food
It is 5:00 PM
The zooFoodServer is about to serve food!
The ZooFoodServer is serving food
It is 6:00 PM
The zookeeper is about to call the animals!
Harry the Hippo is counted for roll call
Harry the Hippo makes noise
Hector the Hippo is counted for roll call
Hector the Hippo makes noise
Eugene the Elephant is counted for roll call
Eugene the Elephant makes noise
Eric the Elephant is counted for roll call
Eric the Elephant makes noise
Rory the Rhino is counted for roll call
Rory the Rhino makes noise
Randy the Rhino is counted for roll call
Randy the Rhino makes noise
Titus the Tiger is counted for roll call
Titus the Tiger makes noise
Terry the Tiger is counted for roll call
Terry the Tiger makes noise
Larry the Lion is counted for roll call
Larry the Lion makes noise
Lenny the Lion is counted for roll call
Lenny the Lion makes noise
Candy the Cat is counted for roll call
Candy the Cat makes noise
Carol the Cat is counted for roll call
Carol the Cat makes noise
Donovan the Dog is counted for roll call
Donovan the Dog makes noise
Dax the Dog is counted for roll call
Dax the Dog makes noise
Wyatt the Wolf is counted for roll call
Wyatt the Wolf makes noise
Willy the Wolf is counted for roll call
Willy the Wolf makes noise
Billy the Bison is counted for roll call
Billy the Bison makes noise
Brandon the Bison is counted for roll call
Brandon the Bison makes noise
Gary the Goat is counted for roll call
Gary the Goat makes noise
Grayson the Goat is counted for roll call
Grayson the Goat makes noise
It is 7:00 PM
The ZooFoodServer is cleaning
It is 8:00 PM
The zookeeper is about to sleep the animals!
Zookeeper tells Harry the Hippo to go to bed
Harry the Hippo goes to sleep
Zookeeper tells Hector the Hippo to go to bed
Hector the Hippo goes to sleep
Zookeeper tells Eugene the Elephant to go to bed
Eugene the Elephant goes to sleep
Zookeeper tells Eric the Elephant to go to bed
Eric the Elephant goes to sleep
Zookeeper tells Rory the Rhino to go to bed
Rory the Rhino goes to sleep
Zookeeper tells Randy the Rhino to go to bed
Randy the Rhino goes to sleep
Zookeeper tells Titus the Tiger to go to bed
Titus the Tiger roams
Zookeeper tells Terry the Tiger to go to bed
Terry the Tiger makes noise
Zookeeper tells Larry the Lion to go to bed
Larry the Lion makes noise
Zookeeper tells Lenny the Lion to go to bed
Lenny the Lion goes to sleep
Zookeeper tells Candy the Cat to go to bed
Candy the Cat goes to sleep
Zookeeper tells Carol the Cat to go to bed
Carol the Cat makes noise
Zookeeper tells Donovan the Dog to go to bed
Donovan the Dog goes to sleep
Zookeeper tells Dax the Dog to go to bed
Dax the Dog goes to sleep
Zookeeper tells Wyatt the Wolf to go to bed
Wyatt the Wolf goes to sleep
Zookeeper tells Willy the Wolf to go to bed
Willy the Wolf goes to sleep
Zookeeper tells Billy the Bison to go to bed
Billy the Bison goes to sleep
Zookeeper tells Brandon the Bison to go to bed
Brandon the Bison goes to sleep
Zookeeper tells Gary the Goat to go to bed
Gary the Goat goes to sleep
Zookeeper tells Grayson the Goat to go to bed
Grayson the Goat goes to sleep
Zookeeper leaves zoo on day 5
ZooFoodServer leaves zoo on day 5
Zoo Announcer leaves zoo on day 5

Zookeeper arrives to zoo on day 6
The ZooFoodServer arrives to zoo on day 6
The Zoo Anouncer arrives at the zoo on day 6
It is 8:00 AM
It is 9:00 AM
The zookeeper is about to wake the animals!
Zookeeper wakes up Harry the Hippo
Harry the Hippo has woken up in a startle!
Zookeeper wakes up Hector the Hippo
Hector the Hippo has woken up in a startle!
Zookeeper wakes up Eugene the Elephant
Eugene the Elephant has woken up peacefully!
Zookeeper wakes up Eric the Elephant
Eric the Elephant has woken up in a startle!
Zookeeper wakes up Rory the Rhino
Rory the Rhino has woken up peacefully!
Zookeeper wakes up Randy the Rhino
Randy the Rhino has woken up peacefully!
Zookeeper wakes up Titus the Tiger
Titus the Tiger has woken up peacefully!
Zookeeper wakes up Terry the Tiger
Terry the Tiger has woken up in a startle!
Zookeeper wakes up Larry the Lion
Larry the Lion has woken up in a startle!
Zookeeper wakes up Lenny the Lion
Lenny the Lion has woken up peacefully!
Zookeeper wakes up Candy the Cat
Candy the Cat has woken up peacefully!
Zookeeper wakes up Carol the Cat
Carol the Cat has woken up peacefully!
Zookeeper wakes up Donovan the Dog
Donovan the Dog has woken up peacefully!
Zookeeper wakes up Dax the Dog
Dax the Dog has woken up peacefully!
Zookeeper wakes up Wyatt the Wolf
Wyatt the Wolf has woken up peacefully!
Zookeeper wakes up Willy the Wolf
Willy the Wolf has woken up peacefully!
Zookeeper wakes up Billy the Bison
Billy the Bison has woken up in a startle!
Zookeeper wakes up Brandon the Bison
Brandon the Bison has woken up in a startle!
Zookeeper wakes up Gary the Goat
Gary the Goat has woken up in a startle!
Zookeeper wakes up Grayson the Goat
Grayson the Goat has woken up in a startle!
It is 10:00 AM
The zookeeper is about to exercise the animals!
Zookeeper exercises Harry the Hippo
Harry the Hippo roams
Zookeeper exercises Hector the Hippo
Hector the Hippo roams
Zookeeper exercises Eugene the Elephant
Eugene the Elephant charges
Zookeeper exercises Eric the Elephant
Eric the Elephant charges
Zookeeper exercises Rory the Rhino
Rory the Rhino roams
Zookeeper exercises Randy the Rhino
Randy the Rhino roams
Zookeeper exercises Titus the Tiger
Titus the Tiger roams
Zookeeper exercises Terry the Tiger
Terry the Tiger roams
Zookeeper exercises Larry the Lion
Larry the Lion roams
Zookeeper exercises Lenny the Lion
Lenny the Lion roams
Zookeeper exercises Candy the Cat
Candy the Cat roams
Zookeeper exercises Carol the Cat
Carol the Cat roams
Zookeeper exercises Donovan the Dog
Donovan the Dog roams
Zookeeper exercises Dax the Dog
Dax the Dog roams
Zookeeper exercises Wyatt the Wolf
Wyatt the Wolf roams
Zookeeper exercises Willy the Wolf
Willy the Wolf roams
Zookeeper exercises Billy the Bison
Billy the Bison roams
Zookeeper exercises Brandon the Bison
Brandon the Bison roams
Zookeeper exercises Gary the Goat
Gary the Goat roams
Zookeeper exercises Grayson the Goat
Grayson the Goat roams
It is 11:00 AM
The ZooFoodServer is making food
It is 12:00 PM
The zooFoodServer is about to serve food!
The ZooFoodServer is serving food
It is 1:00 PM
The zookeeper is about to feed the animals!
Zookeeper feeds Harry the Hippo
Harry the Hippo eats
Zookeeper feeds Hector the Hippo
Hector the Hippo eats
Zookeeper feeds Eugene the Elephant
Eugene the Elephant eats
Zookeeper feeds Eric the Elephant
Eric the Elephant eats
Zookeeper feeds Rory the Rhino
Rory the Rhino eats
Zookeeper feeds Randy the Rhino
Randy the Rhino eats
Zookeeper feeds Titus the Tiger
Titus the Tiger eats
Zookeeper feeds Terry the Tiger
Terry the Tiger eats
Zookeeper feeds Larry the Lion
Larry the Lion eats
Zookeeper feeds Lenny the Lion
Lenny the Lion eats
Zookeeper feeds Candy the Cat
Candy the Cat eats
Zookeeper feeds Carol the Cat
Carol the Cat eats
Zookeeper feeds Donovan the Dog
Donovan the Dog eats
Zookeeper feeds Dax the Dog
Dax the Dog eats
Zookeeper feeds Wyatt the Wolf
Wyatt the Wolf eats
Zookeeper feeds Willy the Wolf
Willy the Wolf eats
Zookeeper feeds Billy the Bison
Billy the Bison grazes on grass
Zookeeper feeds Brandon the Bison
Brandon the Bison grazes on grass
Zookeeper feeds Gary the Goat
Gary the Goat tries to eat your shoe
Zookeeper feeds Grayson the Goat
Grayson the Goat tries to eat your shoe
It is 2:00 PM
The ZooFoodServer is cleaning
It is 3:00 PM
It is 4:00 PM
The ZooFoodServer is making food
It is 5:00 PM
The zooFoodServer is about to serve food!
The ZooFoodServer is serving food
It is 6:00 PM
The zookeeper is about to call the animals!
Harry the Hippo is counted for roll call
Harry the Hippo makes noise
Hector the Hippo is counted for roll call
Hector the Hippo makes noise
Eugene the Elephant is counted for roll call
Eugene the Elephant makes noise
Eric the Elephant is counted for roll call
Eric the Elephant makes noise
Rory the Rhino is counted for roll call
Rory the Rhino makes noise
Randy the Rhino is counted for roll call
Randy the Rhino makes noise
Titus the Tiger is counted for roll call
Titus the Tiger makes noise
Terry the Tiger is counted for roll call
Terry the Tiger makes noise
Larry the Lion is counted for roll call
Larry the Lion makes noise
Lenny the Lion is counted for roll call
Lenny the Lion makes noise
Candy the Cat is counted for roll call
Candy the Cat makes noise
Carol the Cat is counted for roll call
Carol the Cat makes noise
Donovan the Dog is counted for roll call
Donovan the Dog makes noise
Dax the Dog is counted for roll call
Dax the Dog makes noise
Wyatt the Wolf is counted for roll call
Wyatt the Wolf makes noise
Willy the Wolf is counted for roll call
Willy the Wolf makes noise
Billy the Bison is counted for roll call
Billy the Bison makes noise
Brandon the Bison is counted for roll call
Brandon the Bison makes noise
Gary the Goat is counted for roll call
Gary the Goat makes noise
Grayson the Goat is counted for roll call
Grayson the Goat makes noise
It is 7:00 PM
The ZooFoodServer is cleaning
It is 8:00 PM
The zookeeper is about to sleep the animals!
Zookeeper tells Harry the Hippo to go to bed
Harry the Hippo goes to sleep
Zookeeper tells Hector the Hippo to go to bed
Hector the Hippo goes to sleep
Zookeeper tells Eugene the Elephant to go to bed
Eugene the Elephant goes to sleep
Zookeeper tells Eric the Elephant to go to bed
Eric the Elephant goes to sleep
Zookeeper tells Rory the Rhino to go to bed
Rory the Rhino goes to sleep
Zookeeper tells Randy the Rhino to go to bed
Randy the Rhino goes to sleep
Zookeeper tells Titus the Tiger to go to bed
Titus the Tiger goes to sleep
Zookeeper tells Terry the Tiger to go to bed
Terry the Tiger roams
Zookeeper tells Larry the Lion to go to bed
Larry the Lion goes to sleep
Zookeeper tells Lenny the Lion to go to bed
Lenny the Lion makes noise
Zookeeper tells Candy the Cat to go to bed
Candy the Cat goes to sleep
Zookeeper tells Carol the Cat to go to bed
Carol the Cat roams
Zookeeper tells Donovan the Dog to go to bed
Donovan the Dog goes to sleep
Zookeeper tells Dax the Dog to go to bed
Dax the Dog goes to sleep
Zookeeper tells Wyatt the Wolf to go to bed
Wyatt the Wolf goes to sleep
Zookeeper tells Willy the Wolf to go to bed
Willy the Wolf goes to sleep
Zookeeper tells Billy the Bison to go to bed
Billy the Bison goes to sleep
Zookeeper tells Brandon the Bison to go to bed
Brandon the Bison goes to sleep
Zookeeper tells Gary the Goat to go to bed
Gary the Goat goes to sleep
Zookeeper tells Grayson the Goat to go to bed
Grayson the Goat goes to sleep
Zookeeper leaves zoo on day 6
ZooFoodServer leaves zoo on day 6
Zoo Announcer leaves zoo on day 6

Zookeeper arrives to zoo on day 7
The ZooFoodServer arrives to zoo on day 7
The Zoo Anouncer arrives at the zoo on day 7
It is 8:00 AM
It is 9:00 AM
The zookeeper is about to wake the animals!
Zookeeper wakes up Harry the Hippo
Harry the Hippo has woken up in a startle!
Zookeeper wakes up Hector the Hippo
Hector the Hippo has woken up in a startle!
Zookeeper wakes up Eugene the Elephant
Eugene the Elephant has woken up peacefully!
Zookeeper wakes up Eric the Elephant
Eric the Elephant has woken up in a startle!
Zookeeper wakes up Rory the Rhino
Rory the Rhino has woken up peacefully!
Zookeeper wakes up Randy the Rhino
Randy the Rhino has woken up peacefully!
Zookeeper wakes up Titus the Tiger
Titus the Tiger has woken up peacefully!
Zookeeper wakes up Terry the Tiger
Terry the Tiger has woken up in a startle!
Zookeeper wakes up Larry the Lion
Larry the Lion has woken up in a startle!
Zookeeper wakes up Lenny the Lion
Lenny the Lion has woken up peacefully!
Zookeeper wakes up Candy the Cat
Candy the Cat has woken up peacefully!
Zookeeper wakes up Carol the Cat
Carol the Cat has woken up peacefully!
Zookeeper wakes up Donovan the Dog
Donovan the Dog has woken up peacefully!
Zookeeper wakes up Dax the Dog
Dax the Dog has woken up peacefully!
Zookeeper wakes up Wyatt the Wolf
Wyatt the Wolf has woken up peacefully!
Zookeeper wakes up Willy the Wolf
Willy the Wolf has woken up peacefully!
Zookeeper wakes up Billy the Bison
Billy the Bison has woken up in a startle!
Zookeeper wakes up Brandon the Bison
Brandon the Bison has woken up in a startle!
Zookeeper wakes up Gary the Goat
Gary the Goat has woken up in a startle!
Zookeeper wakes up Grayson the Goat
Grayson the Goat has woken up in a startle!
It is 10:00 AM
The zookeeper is about to exercise the animals!
Zookeeper exercises Harry the Hippo
Harry the Hippo roams
Zookeeper exercises Hector the Hippo
Hector the Hippo charges
Zookeeper exercises Eugene the Elephant
Eugene the Elephant roams
Zookeeper exercises Eric the Elephant
Eric the Elephant roams
Zookeeper exercises Rory the Rhino
Rory the Rhino roams
Zookeeper exercises Randy the Rhino
Randy the Rhino roams
Zookeeper exercises Titus the Tiger
Titus the Tiger roams
Zookeeper exercises Terry the Tiger
Terry the Tiger roams
Zookeeper exercises Larry the Lion
Larry the Lion roams
Zookeeper exercises Lenny the Lion
Lenny the Lion roams
Zookeeper exercises Candy the Cat
Candy the Cat roams
Zookeeper exercises Carol the Cat
Carol the Cat roams
Zookeeper exercises Donovan the Dog
Donovan the Dog digs
Zookeeper exercises Dax the Dog
Dax the Dog roams
Zookeeper exercises Wyatt the Wolf
Wyatt the Wolf roams
Zookeeper exercises Willy the Wolf
Willy the Wolf roams
Zookeeper exercises Billy the Bison
Billy the Bison roams
Zookeeper exercises Brandon the Bison
Brandon the Bison roams
Zookeeper exercises Gary the Goat
Gary the Goat roams
Zookeeper exercises Grayson the Goat
Grayson the Goat roams
It is 11:00 AM
The ZooFoodServer is making food
It is 12:00 PM
The zooFoodServer is about to serve food!
The ZooFoodServer is serving food
It is 1:00 PM
The zookeeper is about to feed the animals!
Zookeeper feeds Harry the Hippo
Harry the Hippo eats
Zookeeper feeds Hector the Hippo
Hector the Hippo eats
Zookeeper feeds Eugene the Elephant
Eugene the Elephant eats
Zookeeper feeds Eric the Elephant
Eric the Elephant eats
Zookeeper feeds Rory the Rhino
Rory the Rhino eats
Zookeeper feeds Randy the Rhino
Randy the Rhino eats
Zookeeper feeds Titus the Tiger
Titus the Tiger eats
Zookeeper feeds Terry the Tiger
Terry the Tiger eats
Zookeeper feeds Larry the Lion
Larry the Lion eats
Zookeeper feeds Lenny the Lion
Lenny the Lion eats
Zookeeper feeds Candy the Cat
Candy the Cat eats
Zookeeper feeds Carol the Cat
Carol the Cat eats
Zookeeper feeds Donovan the Dog
Donovan the Dog eats
Zookeeper feeds Dax the Dog
Dax the Dog eats
Zookeeper feeds Wyatt the Wolf
Wyatt the Wolf eats
Zookeeper feeds Willy the Wolf
Willy the Wolf eats
Zookeeper feeds Billy the Bison
Billy the Bison grazes on grass
Zookeeper feeds Brandon the Bison
Brandon the Bison grazes on grass
Zookeeper feeds Gary the Goat
Gary the Goat tries to eat your shoe
Zookeeper feeds Grayson the Goat
Grayson the Goat tries to eat your shoe
It is 2:00 PM
The ZooFoodServer is cleaning
It is 3:00 PM
It is 4:00 PM
The ZooFoodServer is making food
It is 5:00 PM
The zooFoodServer is about to serve food!
The ZooFoodServer is serving food
It is 6:00 PM
The zookeeper is about to call the animals!
Harry the Hippo is counted for roll call
Harry the Hippo makes noise
Hector the Hippo is counted for roll call
Hector the Hippo makes noise
Eugene the Elephant is counted for roll call
Eugene the Elephant makes noise
Eric the Elephant is counted for roll call
Eric the Elephant makes noise
Rory the Rhino is counted for roll call
Rory the Rhino makes noise
Randy the Rhino is counted for roll call
Randy the Rhino makes noise
Titus the Tiger is counted for roll call
Titus the Tiger makes noise
Terry the Tiger is counted for roll call
Terry the Tiger makes noise
Larry the Lion is counted for roll call
Larry the Lion makes noise
Lenny the Lion is counted for roll call
Lenny the Lion makes noise
Candy the Cat is counted for roll call
Candy the Cat makes noise
Carol the Cat is counted for roll call
Carol the Cat makes noise
Donovan the Dog is counted for roll call
Donovan the Dog makes noise
Dax the Dog is counted for roll call
Dax the Dog makes noise
Wyatt the Wolf is counted for roll call
Wyatt the Wolf makes noise
Willy the Wolf is counted for roll call
Willy the Wolf makes noise
Billy the Bison is counted for roll call
Billy the Bison makes noise
Brandon the Bison is counted for roll call
Brandon the Bison makes noise
Gary the Goat is counted for roll call
Gary the Goat makes noise
Grayson the Goat is counted for roll call
Grayson the Goat makes noise
It is 7:00 PM
The ZooFoodServer is cleaning
It is 8:00 PM
The zookeeper is about to sleep the animals!
Zookeeper tells Harry the Hippo to go to bed
Harry the Hippo goes to sleep
Zookeeper tells Hector the Hippo to go to bed
Hector the Hippo goes to sleep
Zookeeper tells Eugene the Elephant to go to bed
Eugene the Elephant goes to sleep
Zookeeper tells Eric the Elephant to go to bed
Eric the Elephant goes to sleep
Zookeeper tells Rory the Rhino to go to bed
Rory the Rhino goes to sleep
Zookeeper tells Randy the Rhino to go to bed
Randy the Rhino goes to sleep
Zookeeper tells Titus the Tiger to go to bed
Titus the Tiger goes to sleep
Zookeeper tells Terry the Tiger to go to bed
Terry the Tiger makes noise
Zookeeper tells Larry the Lion to go to bed
Larry the Lion goes to sleep
Zookeeper tells Lenny the Lion to go to bed
Lenny the Lion goes to sleep
Zookeeper tells Candy the Cat to go to bed
Candy the Cat roams
Zookeeper tells Carol the Cat to go to bed
Carol the Cat makes noise
Zookeeper tells Donovan the Dog to go to bed
Donovan the Dog goes to sleep
Zookeeper tells Dax the Dog to go to bed
Dax the Dog goes to sleep
Zookeeper tells Wyatt the Wolf to go to bed
Wyatt the Wolf goes to sleep
Zookeeper tells Willy the Wolf to go to bed
Willy the Wolf goes to sleep
Zookeeper tells Billy the Bison to go to bed
Billy the Bison goes to sleep
Zookeeper tells Brandon the Bison to go to bed
Brandon the Bison goes to sleep
Zookeeper tells Gary the Goat to go to bed
Gary the Goat goes to sleep
Zookeeper tells Grayson the Goat to go to bed
Grayson the Goat goes to sleep
Zookeeper leaves zoo on day 7
ZooFoodServer leaves zoo on day 7
Zoo Announcer leaves zoo on day 7

